<?xml version="1.0" encoding="UTF-8"?>
<!-- Generated by org.testng.reporters.JUnitReportReporter -->
<testsuite skipped="0" hostname="PG116" name="com.ppl.qa.testcases.LoginPageTest" tests="2" failures="0" timestamp="10 Apr 2019 09:36:11 GMT" time="29.653" errors="0">
  <testcase name="loginPageTitleTest" time="15.641" classname="com.ppl.qa.testcases.LoginPageTest"/>
  <testcase name="LoginTest" time="14.012" classname="com.ppl.qa.testcases.LoginPageTest"/>
</testsuite> <!-- com.ppl.qa.testcases.LoginPageTest -->
